Sun Apr  2 20:43:08 2023>There is no such key as: msg
Mon May 15 20:18:25 2023>There is no such key as: msg
Tue May 16 21:39:38 2023>There is no such key as: msg
Tue May 16 21:54:27 2023>There is no such key as: msg
Tue May 23 10:05:30 2023>There is no such key as: msg
Tue May 23 10:07:19 2023>There is no such key as: msg
Tue May 23 10:45:01 2023>There is no such key as: msg
Tue May 23 10:51:08 2023>There is no such key as: msg
Wed May 31 20:53:06 2023>There is no such key as: msg
Wed May 31 21:22:13 2023>There is no such key as: msg
Wed May 31 21:40:07 2023>There is no such key as: msg
Fri Jun  2 21:21:18 2023>There is no such key as: msg
Wed Jun  7 21:39:50 2023>There is no such key as: msg
Wed Jun  7 21:59:27 2023>There is no such key as: msg
Thu Jun  8 20:01:40 2023>There is no such key as: msg
Tue Jun 13 21:21:54 2023>There is no such key as: msg
Tue Jun 13 21:37:51 2023>There is no such key as: msg
Tue Jun 13 21:39:16 2023>There is no such key as: msg
Tue Jun 20 20:06:53 2023>There is no such key as: msg
Tue Jun 20 20:25:26 2023>There is no such key as: msg
Tue Jun 20 20:28:10 2023>There is no such key as: msg
Tue Jun 27 20:48:47 2023>There is no such key as: msg
Tue Jun 27 21:21:46 2023>There is no such key as: msg
Tue Jun 27 21:40:12 2023>There is no such key as: msg
Tue Jul  4 21:38:45 2023>There is no such key as: msg
Tue Jul  4 21:52:21 2023>There is no such key as: msg
Wed Jul  5 20:04:26 2023>There is no such key as: msg
Wed Jul  5 20:42:27 2023>There is no such key as: msg
Fri Jul 14 20:45:21 2023>There is no such key as: msg
Fri Jul 14 21:02:08 2023>There is no such key as: msg
Fri Jul 14 21:06:06 2023>There is no such key as: msg
Sat Jul 22 12:38:41 2023>There is no such key as: msg
Sat Jul 22 12:55:21 2023>There is no such key as: msg
Sat Jul 22 13:45:49 2023>There is no such key as: msg
Wed Jul 26 19:54:42 2023>There is no such key as: msg
Wed Jul 26 19:58:09 2023>There is no such key as: msg
Wed Jul 26 20:29:49 2023>There is no such key as: msg
Wed Jul 26 20:46:46 2023>There is no such key as: msg
Sun Aug  6 14:37:02 2023>There is no such key as: msg
Sun Aug  6 14:58:06 2023>There is no such key as: msg
Sun Aug  6 15:01:20 2023>There is no such key as: msg
Sun Aug  6 15:11:35 2023>There is no such key as: msg
Tue Aug 15 20:54:44 2023>There is no such key as: msg
Tue Aug 15 21:21:35 2023>There is no such key as: msg
Tue Aug 15 21:41:11 2023>There is no such key as: msg
Tue Aug 15 21:59:32 2023>There is no such key as: msg
Tue Aug 22 20:45:18 2023>There is no such key as: msg
Tue Aug 22 21:02:51 2023>There is no such key as: msg
Tue Aug 22 21:14:18 2023>There is no such key as: msg
Tue Aug 22 21:30:41 2023>There is no such key as: msg
Tue Aug 29 20:20:39 2023>There is no such key as: msg
Tue Aug 29 20:40:07 2023>There is no such key as: msg
Sat Sep  2 12:32:25 2023>There is no such key as: msg
Sat Sep  2 12:49:03 2023>There is no such key as: msg
Mon Sep  4 19:52:38 2023>There is no such key as: msg
Mon Sep  4 20:09:43 2023>There is no such key as: msg
Tue Sep  5 19:53:35 2023>There is no such key as: msg
Tue Sep  5 20:13:25 2023>There is no such key as: msg
Mon Sep 11 19:58:44 2023>There is no such key as: msg
Wed Sep 13 19:43:21 2023>There is no such key as: msg
Wed Sep 13 20:05:09 2023>There is no such key as: msg
Wed Sep 13 20:20:50 2023>There is no such key as: msg
Tue Sep 19 19:41:57 2023>There is no such key as: msg
Tue Sep 19 19:44:06 2023>There is no such key as: msg
Tue Sep 19 19:58:43 2023>There is no such key as: msg
Tue Sep 19 20:13:16 2023>There is no such key as: msg
Fri Sep 29 13:05:54 2023>There is no such key as: msg
Fri Sep 29 13:25:59 2023>There is no such key as: msg
Fri Sep 29 13:42:03 2023>There is no such key as: msg
Fri Sep 29 13:54:46 2023>There is no such key as: msg
Sun Oct  1 12:44:05 2023>There is no such key as: msg
Sun Oct  1 13:14:19 2023>There is no such key as: msg
Sun Oct  1 15:57:03 2023>There is no such key as: msg
Mon Oct  9 21:10:05 2023>There is no such key as: msg
Tue Oct 17 19:38:13 2023>There is no such key as: msg
Mon Oct 23 20:01:43 2023>There is no such key as: msg
Mon Oct 23 20:03:57 2023>There is no such key as: msg
Wed Dec 13 20:46:08 2023>There is no such key as: msg
