2023-02-03 19:35:05 *** savedgames\Ford_Fiesta_WRC_2019_ngp6\11_d_gravel.lsp
2023-02-03 19:35:05 *** -  -
2023-02-03 19:35:05 *** OK  MaxSteeringLock
2023-02-03 19:35:05 *** OK  FrontRollBarStiffness
2023-02-03 19:35:05 *** OK  RearRollBarStiffness
2023-02-03 19:35:05 *** OK  FrontDiffMaxTorque
2023-02-03 19:35:05 *** OK  CenterDiffMaxTorque
2023-02-03 19:35:05 *** OK  RearDiffMaxTorque
2023-02-03 19:35:05 *** OK  MaxBrakePressureFront
2023-02-03 19:35:05 *** OK  MaxBrakePressureRear
2023-02-03 19:35:05 *** OK  DropGearId
2023-02-03 19:35:05 *** OK  HighSpeedBreakReboundFront_NGP
2023-02-03 19:35:05 *** OK  HighSpeedDampingReboundFront_NGP
2023-02-03 19:35:05 *** OK  HighSpeedBreakReboundRear_NGP
2023-02-03 19:35:05 *** OK  HighSpeedDampingReboundRear_NGP
2023-02-03 19:35:05 *** OK  BumpStopStiffnessFront_NGP
2023-02-03 19:35:05 *** OK  BumpStopDampingBumpFront_NGP
2023-02-03 19:35:05 *** OK  BumpStopDampingReboundFront_NGP
2023-02-03 19:35:05 *** OK  BumpStopStiffnessRear_NGP
2023-02-03 19:35:05 *** OK  BumpStopDampingBumpRear_NGP
2023-02-03 19:35:05 *** OK  BumpStopDampingReboundRear_NGP
2023-02-03 19:35:05 *** OK  HandbrakePercentage_NGP
2023-02-03 19:35:05 *** OK  Pressure
2023-02-03 19:35:05 *** OK  Pressure
2023-02-03 19:35:05 *** OK  TopMountSlot
2023-02-03 19:35:05 *** OK  SteeringRodLength
2023-02-03 19:35:05 *** OK  StrutPlatformHeight
2023-02-03 19:35:05 *** OK  WheelAxisInclination
2023-02-03 19:35:05 *** OK  TopMountSlot
2023-02-03 19:35:05 *** OK  SteeringRodLength
2023-02-03 19:35:05 *** OK  StrutPlatformHeight
2023-02-03 19:35:05 *** OK  WheelAxisInclination
2023-02-03 19:35:05 *** OK  SpringLength
2023-02-03 19:35:05 *** OK  SpringStiffness
2023-02-03 19:35:05 *** OK  HelperSpringLength
2023-02-03 19:35:05 *** OK  HelperSpringStiffness
2023-02-03 19:35:05 *** OK  DampingBump
2023-02-03 19:35:05 *** OK  DampingRebound
2023-02-03 19:35:05 *** OK  BumpHighSpeedBreak
2023-02-03 19:35:05 *** OK  DampingBumpHighSpeed
2023-02-03 19:35:05 *** OK  SpringLength
2023-02-03 19:35:05 *** OK  SpringStiffness
2023-02-03 19:35:05 *** OK  HelperSpringLength
2023-02-03 19:35:05 *** OK  HelperSpringStiffness
2023-02-03 19:35:05 *** OK  DampingBump
2023-02-03 19:35:05 *** OK  DampingRebound
2023-02-03 19:35:05 *** OK  BumpHighSpeedBreak
2023-02-03 19:35:05 *** OK  DampingBumpHighSpeed
2023-02-03 19:35:05 *** OK  CenterDiffHandbrakeRelease
2023-02-03 19:35:05 *** OK  LeftFootBrakeThreshold
2023-02-03 19:35:05 *** OK  FrontDiffThrottle
2023-02-03 19:35:05 *** OK  FrontDiffThrottle
2023-02-03 19:35:05 *** OK  FrontDiffThrottle
2023-02-03 19:35:05 *** OK  FrontDiffThrottle
2023-02-03 19:35:05 *** OK  FrontDiffThrottle
2023-02-03 19:35:05 *** OK  FrontDiffThrottle
2023-02-03 19:35:05 *** OK  FrontDiffThrottle
2023-02-03 19:35:05 *** OK  FrontDiffThrottle
2023-02-03 19:35:05 *** OK  FrontDiffThrottle
2023-02-03 19:35:05 *** OK  FrontDiffThrottle
2023-02-03 19:35:05 *** OK  FrontDiffThrottle
2023-02-03 19:35:05 *** OK  FrontDiffBrake
2023-02-03 19:35:05 *** OK  FrontDiffBrake
2023-02-03 19:35:05 *** OK  FrontDiffBrake
2023-02-03 19:35:05 *** OK  FrontDiffBrake
2023-02-03 19:35:05 *** OK  FrontDiffBrake
2023-02-03 19:35:05 *** OK  FrontDiffBrake
2023-02-03 19:35:05 *** OK  FrontDiffBrake
2023-02-03 19:35:05 *** OK  FrontDiffBrake
2023-02-03 19:35:05 *** OK  FrontDiffBrake
2023-02-03 19:35:05 *** OK  FrontDiffBrake
2023-02-03 19:35:05 *** OK  FrontDiffBrake
2023-02-03 19:35:05 *** OK  FrontSpeedMapFactor
2023-02-03 19:35:05 *** OK  FrontSpeedMapFactor
2023-02-03 19:35:05 *** OK  FrontSpeedMapFactor
2023-02-03 19:35:05 *** OK  FrontSpeedMapFactor
2023-02-03 19:35:05 *** OK  FrontSpeedMapFactor
2023-02-03 19:35:05 *** OK  FrontSpeedMapFactor
2023-02-03 19:35:05 *** OK  FrontSpeedMapFactor
2023-02-03 19:35:05 *** OK  FrontSpeedMapFactor
2023-02-03 19:35:05 *** OK  FrontSpeedMapFactor
2023-02-03 19:35:05 *** OK  FrontSpeedMapFactor
2023-02-03 19:35:05 *** OK  FrontSpeedMapFactor
2023-02-03 19:35:05 *** OK  RearDiffThrottle
2023-02-03 19:35:05 *** OK  RearDiffThrottle
2023-02-03 19:35:05 *** OK  RearDiffThrottle
2023-02-03 19:35:05 *** OK  RearDiffThrottle
2023-02-03 19:35:05 *** OK  RearDiffThrottle
2023-02-03 19:35:05 *** OK  RearDiffThrottle
2023-02-03 19:35:05 *** OK  RearDiffThrottle
2023-02-03 19:35:05 *** OK  RearDiffThrottle
2023-02-03 19:35:05 *** OK  RearDiffThrottle
2023-02-03 19:35:05 *** OK  RearDiffThrottle
2023-02-03 19:35:05 *** OK  RearDiffThrottle
2023-02-03 19:35:05 *** OK  RearDiffBrake
2023-02-03 19:35:05 *** OK  RearDiffBrake
2023-02-03 19:35:05 *** OK  RearDiffBrake
2023-02-03 19:35:05 *** OK  RearDiffBrake
2023-02-03 19:35:05 *** OK  RearDiffBrake
2023-02-03 19:35:05 *** OK  RearDiffBrake
2023-02-03 19:35:05 *** OK  RearDiffBrake
2023-02-03 19:35:05 *** OK  RearDiffBrake
2023-02-03 19:35:05 *** OK  RearDiffBrake
2023-02-03 19:35:05 *** OK  RearDiffBrake
2023-02-03 19:35:05 *** OK  RearDiffBrake
2023-02-03 19:35:05 *** OK  RearSpeedMapFactor
2023-02-03 19:35:05 *** OK  RearSpeedMapFactor
2023-02-03 19:35:05 *** OK  RearSpeedMapFactor
2023-02-03 19:35:05 *** OK  RearSpeedMapFactor
2023-02-03 19:35:05 *** OK  RearSpeedMapFactor
2023-02-03 19:35:05 *** OK  RearSpeedMapFactor
2023-02-03 19:35:05 *** OK  RearSpeedMapFactor
2023-02-03 19:35:05 *** OK  RearSpeedMapFactor
2023-02-03 19:35:05 *** OK  RearSpeedMapFactor
2023-02-03 19:35:05 *** OK  RearSpeedMapFactor
2023-02-03 19:35:05 *** OK  RearSpeedMapFactor
2023-02-03 19:35:05 *** OK  CenterDiffThrottle
2023-02-03 19:35:05 *** OK  CenterDiffThrottle
2023-02-03 19:35:05 *** OK  CenterDiffThrottle
2023-02-03 19:35:05 *** OK  CenterDiffThrottle
2023-02-03 19:35:05 *** OK  CenterDiffThrottle
2023-02-03 19:35:05 *** OK  CenterDiffThrottle
2023-02-03 19:35:05 *** OK  CenterDiffThrottle
2023-02-03 19:35:05 *** OK  CenterDiffThrottle
2023-02-03 19:35:05 *** OK  CenterDiffThrottle
2023-02-03 19:35:05 *** OK  CenterDiffThrottle
2023-02-03 19:35:05 *** OK  CenterDiffThrottle
2023-02-03 19:35:05 *** OK  CenterDiffBrake
2023-02-03 19:35:05 *** OK  CenterDiffBrake
2023-02-03 19:35:05 *** OK  CenterDiffBrake
2023-02-03 19:35:05 *** OK  CenterDiffBrake
2023-02-03 19:35:05 *** OK  CenterDiffBrake
2023-02-03 19:35:05 *** OK  CenterDiffBrake
2023-02-03 19:35:05 *** OK  CenterDiffBrake
2023-02-03 19:35:05 *** OK  CenterDiffBrake
2023-02-03 19:35:05 *** OK  CenterDiffBrake
2023-02-03 19:35:05 *** OK  CenterDiffBrake
2023-02-03 19:35:05 *** OK  CenterDiffBrake
2023-02-03 19:35:05 *** OK  CenterSpeedMapFactor
2023-02-03 19:35:05 *** OK  CenterSpeedMapFactor
2023-02-03 19:35:05 *** OK  CenterSpeedMapFactor
2023-02-03 19:35:05 *** OK  CenterSpeedMapFactor
2023-02-03 19:35:05 *** OK  CenterSpeedMapFactor
2023-02-03 19:35:05 *** OK  CenterSpeedMapFactor
2023-02-03 19:35:05 *** OK  CenterSpeedMapFactor
2023-02-03 19:35:05 *** OK  CenterSpeedMapFactor
2023-02-03 19:35:05 *** OK  CenterSpeedMapFactor
2023-02-03 19:35:05 *** OK  CenterSpeedMapFactor
2023-02-03 19:35:05 *** OK  CenterSpeedMapFactor
2023-02-03 19:35:05 *** OK  LFCenterDiffThrottle
2023-02-03 19:35:05 *** OK  LFCenterDiffThrottle
2023-02-03 19:35:05 *** OK  LFCenterDiffThrottle
2023-02-03 19:35:05 *** OK  LFCenterDiffThrottle
2023-02-03 19:35:05 *** OK  LFCenterDiffThrottle
2023-02-03 19:35:05 *** OK  LFCenterDiffThrottle
2023-02-03 19:35:05 *** OK  LFCenterDiffThrottle
2023-02-03 19:35:05 *** OK  LFCenterDiffThrottle
2023-02-03 19:35:05 *** OK  LFCenterDiffThrottle
2023-02-03 19:35:05 *** OK  LFCenterDiffThrottle
2023-02-03 19:35:05 *** OK  LFCenterDiffThrottle
2023-02-03 19:35:05 *** OK  LFCenterDiffBrake
2023-02-03 19:35:05 *** OK  LFCenterDiffBrake
2023-02-03 19:35:05 *** OK  LFCenterDiffBrake
2023-02-03 19:35:05 *** OK  LFCenterDiffBrake
2023-02-03 19:35:05 *** OK  LFCenterDiffBrake
2023-02-03 19:35:05 *** OK  LFCenterDiffBrake
2023-02-03 19:35:05 *** OK  LFCenterDiffBrake
2023-02-03 19:35:05 *** OK  LFCenterDiffBrake
2023-02-03 19:35:05 *** OK  LFCenterDiffBrake
2023-02-03 19:35:05 *** OK  LFCenterDiffBrake
2023-02-03 19:35:05 *** OK  LFCenterDiffBrake
2023-02-03 19:35:05 *** OK  LFCenterSpeedMapFactor
2023-02-03 19:35:05 *** OK  LFCenterSpeedMapFactor
2023-02-03 19:35:05 *** OK  LFCenterSpeedMapFactor
2023-02-03 19:35:05 *** OK  LFCenterSpeedMapFactor
2023-02-03 19:35:05 *** OK  LFCenterSpeedMapFactor
2023-02-03 19:35:05 *** OK  LFCenterSpeedMapFactor
2023-02-03 19:35:05 *** OK  LFCenterSpeedMapFactor
2023-02-03 19:35:05 *** OK  LFCenterSpeedMapFactor
2023-02-03 19:35:05 *** OK  LFCenterSpeedMapFactor
2023-02-03 19:35:05 *** OK  LFCenterSpeedMapFactor
2023-02-03 19:35:05 *** OK  LFCenterSpeedMapFactor
2023-02-03 19:35:05 *** OK  Features_NGP
